{"level":"error","message":"Wed Jun 08 2022 13:52:29 GMT+0700 (Indochina Time)-{\"name\":\"NOT FOUND\",\"statusCode\":400,\"isOperational\":true,\"errorStack\":\"Incorrect username or password\"}","private":true}
{"level":"error","message":"Wed Jun 08 2022 13:52:34 GMT+0700 (Indochina Time)-{\"name\":\"NOT FOUND\",\"statusCode\":400,\"isOperational\":true,\"errorStack\":\"Incorrect username or password\"}","private":true}
{"level":"error","message":"Wed Jun 08 2022 13:52:39 GMT+0700 (Indochina Time)-{\"name\":\"NOT FOUND\",\"statusCode\":400,\"isOperational\":true,\"errorStack\":\"Incorrect username or password\"}","private":true}
{"level":"error","message":"Wed Jun 08 2022 13:53:00 GMT+0700 (Indochina Time)-{\"name\":\"NOT FOUND\",\"statusCode\":400,\"isOperational\":true,\"errorStack\":\"Incorrect username or password\"}","private":true}
{"level":"error","message":"Wed Jun 08 2022 13:53:47 GMT+0700 (Indochina Time)-{\"name\":\"NOT FOUND\",\"statusCode\":400,\"isOperational\":true,\"errorStack\":\"username already exists\"}","private":true}
{"level":"error","message":"Wed Jun 08 2022 13:53:53 GMT+0700 (Indochina Time)-{\"name\":\"NOT FOUND\",\"statusCode\":400,\"isOperational\":true,\"errorStack\":\"Incorrect username or password\"}","private":true}
{"level":"error","message":"Wed Jun 08 2022 13:53:58 GMT+0700 (Indochina Time)-{\"name\":\"NOT FOUND\",\"statusCode\":400,\"isOperational\":true,\"errorStack\":\"Incorrect username or password\"}","private":true}
{"level":"error","message":"Wed Jun 08 2022 13:53:59 GMT+0700 (Indochina Time)-{\"name\":\"NOT FOUND\",\"statusCode\":400,\"isOperational\":true,\"errorStack\":\"Incorrect username or password\"}","private":true}
{"level":"error","message":"Wed Jun 08 2022 13:53:59 GMT+0700 (Indochina Time)-{\"name\":\"NOT FOUND\",\"statusCode\":400,\"isOperational\":true,\"errorStack\":\"Incorrect username or password\"}","private":true}
{"level":"error","message":"Wed Jun 08 2022 13:53:59 GMT+0700 (Indochina Time)-{\"name\":\"NOT FOUND\",\"statusCode\":400,\"isOperational\":true,\"errorStack\":\"Incorrect username or password\"}","private":true}
{"level":"error","message":"Wed Jun 08 2022 13:53:59 GMT+0700 (Indochina Time)-{\"name\":\"NOT FOUND\",\"statusCode\":400,\"isOperational\":true,\"errorStack\":\"Incorrect username or password\"}","private":true}
{"level":"error","message":"Wed Jun 08 2022 13:55:44 GMT+0700 (Indochina Time)-{\"name\":\"NOT FOUND\",\"statusCode\":400,\"isOperational\":true,\"errorStack\":\"Incorrect username or password\"}","private":true}
{"level":"error","message":"Wed Jun 08 2022 14:05:45 GMT+0700 (Indochina Time)-{\"name\":\"NOT FOUND\",\"statusCode\":400,\"isOperational\":true,\"errorStack\":\"Incorrect username or password\"}","private":true}
{"level":"error","message":"Wed Jun 08 2022 14:05:50 GMT+0700 (Indochina Time)-{\"name\":\"NOT FOUND\",\"statusCode\":400,\"isOperational\":true,\"errorStack\":\"Incorrect username or password\"}","private":true}
{"level":"error","message":"Wed Jun 08 2022 14:05:51 GMT+0700 (Indochina Time)-{\"name\":\"NOT FOUND\",\"statusCode\":400,\"isOperational\":true,\"errorStack\":\"Incorrect username or password\"}","private":true}
{"level":"error","message":"Wed Jun 08 2022 14:05:52 GMT+0700 (Indochina Time)-{\"name\":\"NOT FOUND\",\"statusCode\":400,\"isOperational\":true,\"errorStack\":\"Incorrect username or password\"}","private":true}
{"level":"error","message":"Wed Jun 08 2022 14:05:52 GMT+0700 (Indochina Time)-{\"name\":\"NOT FOUND\",\"statusCode\":400,\"isOperational\":true,\"errorStack\":\"Incorrect username or password\"}","private":true}
{"level":"error","message":"Wed Jun 08 2022 14:07:29 GMT+0700 (Indochina Time)-{\"name\":\"NOT FOUND\",\"statusCode\":400,\"isOperational\":true,\"errorStack\":\"Incorrect username or password\"}","private":true}
{"level":"error","message":"Wed Jun 08 2022 14:07:40 GMT+0700 (Indochina Time)-{\"name\":\"NOT FOUND\",\"statusCode\":400,\"isOperational\":true,\"errorStack\":\"Incorrect username or password\"}","private":true}
{"level":"error","message":"Wed Jun 08 2022 14:07:43 GMT+0700 (Indochina Time)-{\"name\":\"NOT FOUND\",\"statusCode\":400,\"isOperational\":true,\"errorStack\":\"Incorrect username or password\"}","private":true}
{"level":"error","message":"Wed Jun 08 2022 14:07:47 GMT+0700 (Indochina Time)-{\"name\":\"NOT FOUND\",\"statusCode\":400,\"isOperational\":true,\"errorStack\":\"Incorrect username or password\"}","private":true}
{"level":"error","message":"Wed Jun 08 2022 14:08:54 GMT+0700 (Indochina Time)-{\"name\":\"NOT FOUND\",\"statusCode\":400,\"isOperational\":true,\"errorStack\":\"Incorrect username or password\"}","private":true}
{"level":"error","message":"Wed Jun 08 2022 14:10:31 GMT+0700 (Indochina Time)-{\"name\":\"NOT FOUND\",\"statusCode\":400,\"isOperational\":true,\"errorStack\":\"Incorrect username or password\"}","private":true}
{"level":"error","message":"Wed Jun 08 2022 14:32:05 GMT+0700 (Indochina Time)-{\"name\":\"NOT FOUND\",\"statusCode\":400,\"isOperational\":true,\"errorStack\":\"Incorrect username or password\"}","private":true}
{"level":"error","message":"Wed Jun 08 2022 14:35:05 GMT+0700 (Indochina Time)-{\"name\":\"NOT FOUND\",\"statusCode\":400,\"isOperational\":true,\"errorStack\":\"Incorrect username or password\"}","private":true}
{"level":"error","message":"Wed Jun 08 2022 15:22:14 GMT+0700 (Indochina Time)-{\"name\":\"BAD REQUEST\",\"statusCode\":400,\"isOperational\":true,\"errorStack\":\"\\\"username\\\" is not allowed to be empty\"}","private":true}
{"level":"error","message":"Sat Jun 11 2022 20:10:27 GMT+0700 (Indochina Time)-{\"name\":\"BAD REQUEST\",\"statusCode\":400,\"isOperational\":true,\"errorStack\":\"\\\"username\\\" is not allowed to be empty\"}","private":true}
{"level":"error","message":"Sat Jun 11 2022 20:10:28 GMT+0700 (Indochina Time)-{\"name\":\"BAD REQUEST\",\"statusCode\":400,\"isOperational\":true,\"errorStack\":\"\\\"username\\\" is not allowed to be empty\"}","private":true}
{"level":"error","message":"Sat Jun 11 2022 20:21:13 GMT+0700 (Indochina Time)-{\"name\":\"BAD REQUEST\",\"statusCode\":400,\"isOperational\":true,\"errorStack\":\"\\\"username\\\" is not allowed to be empty\"}","private":true}
{"level":"error","message":"Sun Jun 12 2022 00:01:20 GMT+0700 (Indochina Time)-{\"name\":\"BAD REQUEST\",\"statusCode\":400,\"isOperational\":true,\"errorStack\":\"\\\"username\\\" is not allowed to be empty\"}","private":true}
{"level":"error","message":"Sun Jun 12 2022 00:17:28 GMT+0700 (Indochina Time)-{\"name\":\"BAD REQUEST\",\"statusCode\":400,\"isOperational\":true,\"errorStack\":\"\\\"username\\\" is not allowed to be empty\"}","private":true}
{"level":"error","message":"Sun Jun 12 2022 02:48:42 GMT+0700 (Indochina Time)-{\"name\":\"BAD REQUEST\",\"statusCode\":400,\"isOperational\":true,\"errorStack\":\"\\\"username\\\" is not allowed to be empty\"}","private":true}
{"level":"error","message":"Sun Jun 12 2022 17:27:57 GMT+0700 (Indochina Time)-{\"name\":\"NOT FOUND\",\"statusCode\":404,\"isOperational\":true,\"errorStack\":\"Data Not Found\"}","private":true}
{"level":"error","message":"Sun Jun 12 2022 17:34:08 GMT+0700 (Indochina Time)-{\"name\":\"BAD REQUEST\",\"statusCode\":400,\"isOperational\":true,\"errorStack\":\"\\\"username\\\" is not allowed to be empty\"}","private":true}
{"level":"error","message":"Mon Jun 13 2022 11:03:02 GMT+0700 (Indochina Time)-{\"name\":\"BAD REQUEST\",\"statusCode\":400,\"isOperational\":true,\"errorStack\":\"\\\"username\\\" is not allowed to be empty\"}","private":true}
{"level":"error","message":"Mon Jun 13 2022 11:04:12 GMT+0700 (Indochina Time)-{\"name\":\"NOT FOUND\",\"statusCode\":400,\"isOperational\":true,\"errorStack\":\"Incorrect username or password\"}","private":true}
{"level":"error","message":"Mon Jun 13 2022 11:04:14 GMT+0700 (Indochina Time)-{\"name\":\"NOT FOUND\",\"statusCode\":400,\"isOperational\":true,\"errorStack\":\"Incorrect username or password\"}","private":true}
{"level":"error","message":"Thu Jun 16 2022 18:17:01 GMT+0700 (Indochina Time)-{\"name\":\"Data Not Found\",\"statusCode\":{},\"isOperational\":true}","private":true}
{"level":"error","message":"Thu Jun 16 2022 18:19:14 GMT+0700 (Indochina Time)-{\"name\":\"Data Not Found\",\"statusCode\":{},\"isOperational\":true}","private":true}
{"level":"error","message":"Thu Jun 16 2022 21:19:37 GMT+0700 (Indochina Time)-{\"name\":\"Data Not Found\",\"statusCode\":{},\"isOperational\":true}","private":true}
{"level":"error","message":"Fri Jun 17 2022 12:37:54 GMT+0700 (Indochina Time)-{\"name\":\"NOT FOUND\",\"statusCode\":400,\"isOperational\":true,\"errorStack\":\"Incorrect username or password\"}","private":true}
{"level":"error","message":"Fri Jun 17 2022 12:38:13 GMT+0700 (Indochina Time)-{\"name\":\"NOT FOUND\",\"statusCode\":400,\"isOperational\":true,\"errorStack\":\"Incorrect username or password\"}","private":true}
{"level":"error","message":"Fri Jun 17 2022 12:38:20 GMT+0700 (Indochina Time)-{\"name\":\"NOT FOUND\",\"statusCode\":400,\"isOperational\":true,\"errorStack\":\"Incorrect username or password\"}","private":true}
{"level":"error","message":"Fri Jun 17 2022 12:38:30 GMT+0700 (Indochina Time)-{\"name\":\"Data Not Found\",\"statusCode\":{},\"isOperational\":true}","private":true}
{"level":"error","message":"Fri Jun 17 2022 12:39:27 GMT+0700 (Indochina Time)-{\"name\":\"Data Not Found\",\"statusCode\":{},\"isOperational\":true}","private":true}
{"level":"error","message":"Fri Jun 17 2022 12:39:37 GMT+0700 (Indochina Time)-{\"name\":\"NOT FOUND\",\"statusCode\":400,\"isOperational\":true,\"errorStack\":\"Incorrect username or password\"}","private":true}
{"level":"error","message":"Fri Jun 17 2022 12:39:57 GMT+0700 (Indochina Time)-{\"name\":\"Data Not Found\",\"statusCode\":{},\"isOperational\":true}","private":true}
{"level":"error","message":"Fri Jun 17 2022 12:41:37 GMT+0700 (Indochina Time)-{\"name\":\"Data Not Found\",\"statusCode\":{},\"isOperational\":true}","private":true}
{"level":"error","message":"Fri Jun 17 2022 12:42:35 GMT+0700 (Indochina Time)-{\"name\":\"NOT FOUND\",\"statusCode\":400,\"isOperational\":true,\"errorStack\":\"username already exists\"}","private":true}
{"level":"error","message":"Fri Jun 17 2022 12:42:42 GMT+0700 (Indochina Time)-{\"name\":\"NOT FOUND\",\"statusCode\":400,\"isOperational\":true,\"errorStack\":\"Incorrect username or password\"}","private":true}
{"level":"error","message":"Fri Jun 17 2022 12:47:23 GMT+0700 (Indochina Time)-{\"name\":\"Data Not Found\",\"statusCode\":{},\"isOperational\":true}","private":true}
{"level":"error","message":"Fri Jun 17 2022 12:49:08 GMT+0700 (Indochina Time)-{\"name\":\"Data Not Found\",\"statusCode\":{},\"isOperational\":true}","private":true}
{"level":"error","message":"Fri Jun 17 2022 12:49:53 GMT+0700 (Indochina Time)-{\"name\":\"Data Not Found\",\"statusCode\":{},\"isOperational\":true}","private":true}
{"level":"error","message":"Fri Jun 17 2022 12:51:14 GMT+0700 (Indochina Time)-{\"name\":\"NOT FOUND\",\"statusCode\":400,\"isOperational\":true,\"errorStack\":\"Incorrect username or password\"}","private":true}
{"level":"error","message":"Fri Jun 17 2022 12:52:52 GMT+0700 (Indochina Time)-{\"name\":\"NOT FOUND\",\"statusCode\":400,\"isOperational\":true,\"errorStack\":\"Cannot delete\"}","private":true}
{"level":"error","message":"Sat Jun 18 2022 12:47:04 GMT+0700 (Indochina Time)-{\"name\":\"Data Not Found\",\"statusCode\":{},\"isOperational\":true}","private":true}
{"level":"error","message":"Mon Jun 20 2022 22:28:57 GMT+0700 (Indochina Time)-{\"name\":\"Data Not Found\",\"statusCode\":{},\"isOperational\":true}","private":true}
{"level":"error","message":"Mon Jun 20 2022 22:28:58 GMT+0700 (Indochina Time)-{\"name\":\"Data Not Found\",\"statusCode\":{},\"isOperational\":true}","private":true}
{"level":"error","message":"Mon Jun 20 2022 22:28:59 GMT+0700 (Indochina Time)-{\"name\":\"Data Not Found\",\"statusCode\":{},\"isOperational\":true}","private":true}
{"level":"error","message":"Mon Jun 20 2022 22:28:59 GMT+0700 (Indochina Time)-{\"name\":\"Data Not Found\",\"statusCode\":{},\"isOperational\":true}","private":true}
{"level":"error","message":"Mon Jun 20 2022 22:30:09 GMT+0700 (Indochina Time)-{\"name\":\"Data Not Found\",\"statusCode\":{},\"isOperational\":true}","private":true}
{"level":"error","message":"Mon Jun 20 2022 22:30:31 GMT+0700 (Indochina Time)-{\"name\":\"Data Not Found\",\"statusCode\":{},\"isOperational\":true}","private":true}
{"level":"error","message":"Tue Jun 21 2022 21:51:18 GMT+0700 (Indochina Time)-{\"name\":\"BAD REQUEST\",\"statusCode\":400,\"isOperational\":true,\"errorStack\":\"\\\"username\\\" is not allowed to be empty\"}","private":true}
{"level":"error","message":"Tue Jun 21 2022 21:51:24 GMT+0700 (Indochina Time)-{\"name\":\"BAD REQUEST\",\"statusCode\":400,\"isOperational\":true,\"errorStack\":\"\\\"username\\\" is not allowed to be empty\"}","private":true}
{"level":"error","message":"Tue Jun 21 2022 21:52:28 GMT+0700 (Indochina Time)-{\"name\":\"BAD REQUEST\",\"statusCode\":400,\"isOperational\":true,\"errorStack\":\"\\\"username\\\" is not allowed to be empty\"}","private":true}
{"level":"error","message":"Wed Jun 22 2022 00:13:05 GMT+0700 (Indochina Time)-{\"name\":\"BAD REQUEST\",\"statusCode\":400,\"isOperational\":true,\"errorStack\":\"\\\"password\\\" is not allowed to be empty\"}","private":true}
{"level":"error","message":"Wed Jun 22 2022 00:13:11 GMT+0700 (Indochina Time)-{\"name\":\"BAD REQUEST\",\"statusCode\":400,\"isOperational\":true,\"errorStack\":\"\\\"password\\\" is not allowed to be empty\"}","private":true}
{"level":"error","message":"Wed Jun 22 2022 00:13:17 GMT+0700 (Indochina Time)-{\"name\":\"Data Not Found\",\"statusCode\":{},\"isOperational\":true}","private":true}
{"level":"error","message":"Wed Jun 22 2022 00:13:19 GMT+0700 (Indochina Time)-{\"name\":\"Data Not Found\",\"statusCode\":{},\"isOperational\":true}","private":true}
{"level":"error","message":"Wed Jun 22 2022 00:13:22 GMT+0700 (Indochina Time)-{\"name\":\"Data Not Found\",\"statusCode\":{},\"isOperational\":true}","private":true}
{"level":"error","message":"Wed Jun 22 2022 00:13:25 GMT+0700 (Indochina Time)-{\"name\":\"Data Not Found\",\"statusCode\":{},\"isOperational\":true}","private":true}
{"level":"error","message":"Wed Jun 22 2022 00:13:33 GMT+0700 (Indochina Time)-{\"name\":\"Data Not Found\",\"statusCode\":{},\"isOperational\":true}","private":true}
{"level":"error","message":"Wed Jun 22 2022 00:14:12 GMT+0700 (Indochina Time)-{\"name\":\"Data Not Found\",\"statusCode\":{},\"isOperational\":true}","private":true}
{"level":"error","message":"Wed Jun 22 2022 00:27:56 GMT+0700 (Indochina Time)-{\"name\":\"Data Not Found\",\"statusCode\":{},\"isOperational\":true}","private":true}
{"level":"error","message":"Wed Jun 22 2022 00:28:43 GMT+0700 (Indochina Time)-{\"name\":\"Data Not Found\",\"statusCode\":{\"name\":\"API Error\",\"statusCode\":500,\"isOperational\":true},\"isOperational\":true}","private":true}
{"level":"error","message":"Wed Jun 22 2022 00:36:29 GMT+0700 (Indochina Time)-{\"name\":\"Data Not Found\",\"statusCode\":{},\"isOperational\":true}","private":true}
{"level":"error","message":"Wed Jun 22 2022 00:37:18 GMT+0700 (Indochina Time)-{\"name\":\"NOT FOUND\",\"statusCode\":400,\"isOperational\":true,\"errorStack\":\"username already exists\"}","private":true}
{"level":"error","message":"Wed Jun 22 2022 00:39:58 GMT+0700 (Indochina Time)-{\"name\":\"NOT FOUND\",\"statusCode\":400,\"isOperational\":true,\"errorStack\":\"username already exists\"}","private":true}
{"level":"error","message":"Sat Jun 25 2022 18:08:36 GMT+0700 (Indochina Time)-{\"name\":\"NOT FOUND\",\"statusCode\":400,\"isOperational\":true,\"errorStack\":\"Incorrect username or password\"}","private":true}
{"level":"error","message":"Mon Jun 27 2022 21:35:34 GMT+0700 (Indochina Time)-{\"name\":\"NOT FOUND\",\"statusCode\":404,\"isOperational\":true,\"errorStack\":\"Data Not Found\"}","private":true}
{"level":"error","message":"Mon Jun 27 2022 21:35:47 GMT+0700 (Indochina Time)-{\"name\":\"NOT FOUND\",\"statusCode\":404,\"isOperational\":true,\"errorStack\":\"Data Not Found\"}","private":true}
{"level":"error","message":"Mon Jun 27 2022 21:35:59 GMT+0700 (Indochina Time)-{\"name\":\"NOT FOUND\",\"statusCode\":404,\"isOperational\":true,\"errorStack\":\"Data Not Found\"}","private":true}
{"level":"error","message":"Wed Jun 29 2022 17:41:59 GMT+0700 (Indochina Time)-{\"name\":\"NOT FOUND\",\"statusCode\":404,\"isOperational\":true,\"errorStack\":\"Data Not Found\"}","private":true}
{"level":"error","message":"Tue Jul 12 2022 23:31:20 GMT+0700 (Indochina Time)-{\"name\":\"Data not found\",\"statusCode\":{},\"isOperational\":true}","private":true}
{"level":"error","message":"Tue Jul 12 2022 23:32:15 GMT+0700 (Indochina Time)-{\"name\":\"Data not found\",\"statusCode\":{},\"isOperational\":true}","private":true}
{"level":"error","message":"Wed Jul 13 2022 00:20:30 GMT+0700 (Indochina Time)-{\"name\":\"Data not found\",\"statusCode\":{},\"isOperational\":true}","private":true}
{"level":"error","message":"Wed Jul 13 2022 00:20:59 GMT+0700 (Indochina Time)-{\"name\":\"Data not found\",\"statusCode\":{},\"isOperational\":true}","private":true}
{"level":"error","message":"Wed Jul 13 2022 00:23:04 GMT+0700 (Indochina Time)-{\"name\":\"Data not found\",\"statusCode\":{},\"isOperational\":true}","private":true}
{"level":"error","message":"Wed Jul 13 2022 00:26:13 GMT+0700 (Indochina Time)-{\"name\":\"Data not found\",\"statusCode\":{},\"isOperational\":true}","private":true}
{"level":"error","message":"Wed Jul 13 2022 00:26:50 GMT+0700 (Indochina Time)-{\"name\":\"Data not found\",\"statusCode\":{\"name\":\"NOT FOUND\",\"statusCode\":404,\"isOperational\":true,\"errorStack\":\"Data Not Found\"},\"isOperational\":true}","private":true}
{"level":"error","message":"Wed Jul 13 2022 19:21:19 GMT+0700 (Indochina Time)-{}","private":true}
{"level":"error","message":"Wed Jul 13 2022 19:22:07 GMT+0700 (Indochina Time)-{\"expose\":true,\"statusCode\":400,\"status\":400,\"body\":\"{\\r\\n    \\\"subName\\\": \\\"Sub-Category 3 (update)\\\",\\r\\n    \\\"subDescription\\\": \\\"This is sub-category 3 (update)\\\",\\r\\n}\",\"type\":\"entity.parse.failed\"}","private":true}
{"level":"error","message":"Wed Jul 13 2022 19:22:11 GMT+0700 (Indochina Time)-{}","private":true}
{"level":"error","message":"Wed Jul 13 2022 19:24:01 GMT+0700 (Indochina Time)-{}","private":true}
{"level":"error","message":"Wed Jul 13 2022 19:24:17 GMT+0700 (Indochina Time)-{}","private":true}
{"level":"error","message":"Wed Jul 13 2022 20:29:35 GMT+0700 (Indochina Time)-{\"name\":\"Data not found\",\"statusCode\":{},\"isOperational\":true}","private":true}
{"level":"error","message":"Thu Jul 14 2022 13:24:18 GMT+0700 (Indochina Time)-{\"name\":\"Data not found\",\"statusCode\":{},\"isOperational\":true}","private":true}
{"level":"error","message":"Thu Jul 14 2022 13:24:38 GMT+0700 (Indochina Time)-{}","private":true}
{"level":"error","message":"Thu Jul 14 2022 13:25:03 GMT+0700 (Indochina Time)-{\"name\":\"Data not found\",\"statusCode\":{},\"isOperational\":true}","private":true}
{"level":"error","message":"Thu Jul 14 2022 13:25:18 GMT+0700 (Indochina Time)-{}","private":true}
{"level":"error","message":"Thu Jul 14 2022 13:25:42 GMT+0700 (Indochina Time)-{\"name\":\"Data not found\",\"statusCode\":{},\"isOperational\":true}","private":true}
{"level":"error","message":"Thu Jul 14 2022 17:31:49 GMT+0700 (Indochina Time)-{\"name\":\"Data not found\",\"statusCode\":{},\"isOperational\":true}","private":true}
{"level":"error","message":"Thu Jul 14 2022 17:32:24 GMT+0700 (Indochina Time)-{}","private":true}
{"level":"error","message":"Thu Jul 14 2022 17:33:07 GMT+0700 (Indochina Time)-{}","private":true}
{"level":"error","message":"Thu Jul 14 2022 17:34:12 GMT+0700 (Indochina Time)-{}","private":true}
{"level":"error","message":"Thu Jul 14 2022 17:35:07 GMT+0700 (Indochina Time)-{\"name\":\"NOT FOUND\",\"statusCode\":400,\"isOperational\":true,\"errorStack\":\"Hello\"}","private":true}
{"level":"error","message":"Thu Jul 14 2022 17:53:58 GMT+0700 (Indochina Time)-{\"name\":\"Data not found\",\"statusCode\":{},\"isOperational\":true}","private":true}
{"level":"error","message":"Thu Jul 14 2022 17:54:47 GMT+0700 (Indochina Time)-{\"name\":\"Data not found\",\"statusCode\":{},\"isOperational\":true}","private":true}
{"level":"error","message":"Thu Jul 14 2022 17:59:24 GMT+0700 (Indochina Time)-{\"name\":\"Data not found\",\"statusCode\":{\"name\":\"NOT FOUND\",\"statusCode\":400,\"isOperational\":true,\"errorStack\":\"Hello\"},\"isOperational\":true}","private":true}
{"level":"error","message":"Thu Jul 14 2022 18:20:30 GMT+0700 (Indochina Time)-{\"name\":\"Data not found\",\"statusCode\":{},\"isOperational\":true}","private":true}
{"level":"error","message":"Thu Jul 14 2022 18:21:07 GMT+0700 (Indochina Time)-{\"name\":\"Data not found\",\"statusCode\":{},\"isOperational\":true}","private":true}
{"level":"error","message":"Thu Jul 14 2022 18:21:39 GMT+0700 (Indochina Time)-{\"name\":\"Data not found\",\"statusCode\":{\"index\":0,\"code\":11000,\"keyPattern\":{\"name\":1},\"keyValue\":{\"name\":\"tag 1\"}},\"isOperational\":true}","private":true}
{"level":"error","message":"Thu Jul 14 2022 18:23:12 GMT+0700 (Indochina Time)-{}","private":true}
{"level":"error","message":"Thu Jul 14 2022 18:24:07 GMT+0700 (Indochina Time)-{}","private":true}
{"level":"error","message":"Thu Jul 14 2022 18:25:34 GMT+0700 (Indochina Time)-{}","private":true}
{"level":"error","message":"Thu Jul 14 2022 18:25:41 GMT+0700 (Indochina Time)-{}","private":true}
{"level":"error","message":"Thu Jul 14 2022 18:26:26 GMT+0700 (Indochina Time)-{}","private":true}
{"level":"error","message":"Thu Jul 14 2022 18:27:44 GMT+0700 (Indochina Time)-{\"name\":\"DATA NOT FOUND\",\"statusCode\":500,\"isOperational\":false,\"errorStack\":\"Data not found\"}","private":true}
{"level":"error","message":"Thu Jul 14 2022 18:28:08 GMT+0700 (Indochina Time)-{\"name\":\"DATA NOT FOUND\",\"statusCode\":500,\"isOperational\":false,\"errorStack\":{\"index\":0,\"code\":11000,\"keyPattern\":{\"name\":1},\"keyValue\":{\"name\":\"tag 1\"}}}","private":true}
{"level":"error","message":"Thu Jul 14 2022 18:37:25 GMT+0700 (Indochina Time)-{\"name\":\"DATA NOT FOUND\",\"statusCode\":500,\"isOperational\":false,\"errorStack\":{\"index\":0,\"code\":11000,\"keyPattern\":{\"name\":1},\"keyValue\":{\"name\":\"tag 1\"}}}","private":true}
{"level":"error","message":"Thu Jul 14 2022 18:37:27 GMT+0700 (Indochina Time)-{\"name\":\"DATA NOT FOUND\",\"statusCode\":500,\"isOperational\":false,\"errorStack\":{\"index\":0,\"code\":11000,\"keyPattern\":{\"name\":1},\"keyValue\":{\"name\":\"tag 1\"}}}","private":true}
{"level":"error","message":"Thu Jul 14 2022 19:46:34 GMT+0700 (Indochina Time)-{\"name\":\"DATA NOT FOUND\",\"statusCode\":500,\"isOperational\":false,\"errorStack\":{}}","private":true}
{"level":"error","message":"Thu Jul 14 2022 19:46:39 GMT+0700 (Indochina Time)-{\"name\":\"DATA NOT FOUND\",\"statusCode\":500,\"isOperational\":false,\"errorStack\":{}}","private":true}
{"level":"error","message":"Thu Jul 14 2022 19:48:37 GMT+0700 (Indochina Time)-{\"name\":\"DATA NOT FOUND\",\"statusCode\":500,\"isOperational\":false,\"errorStack\":{}}","private":true}
{"level":"error","message":"Thu Jul 14 2022 19:49:20 GMT+0700 (Indochina Time)-{\"name\":\"DATA NOT FOUND\",\"statusCode\":500,\"isOperational\":false,\"errorStack\":{}}","private":true}
{"level":"error","message":"Thu Jul 14 2022 19:52:37 GMT+0700 (Indochina Time)-{\"name\":\"DATA NOT FOUND\",\"statusCode\":500,\"isOperational\":false}","private":true}
{"level":"error","message":"Thu Jul 14 2022 19:53:01 GMT+0700 (Indochina Time)-{\"name\":\"DATA NOT FOUND\",\"statusCode\":500,\"isOperational\":false}","private":true}
{"level":"error","message":"Thu Jul 14 2022 19:55:02 GMT+0700 (Indochina Time)-{\"name\":\"DATA NOT FOUND\",\"statusCode\":500,\"isOperational\":false}","private":true}
{"level":"error","message":"Thu Jul 14 2022 19:56:00 GMT+0700 (Indochina Time)-{\"name\":\"DATA NOT FOUND\",\"statusCode\":500,\"isOperational\":false}","private":true}
{"level":"error","message":"Thu Jul 14 2022 19:57:13 GMT+0700 (Indochina Time)-{\"name\":\"DATA NOT FOUND\",\"statusCode\":500,\"isOperational\":false}","private":true}
{"level":"error","message":"Thu Jul 14 2022 19:57:43 GMT+0700 (Indochina Time)-{\"name\":\"DATA NOT FOUND\",\"statusCode\":500,\"isOperational\":false}","private":true}
{"level":"error","message":"Fri Jul 15 2022 13:00:15 GMT+0700 (Indochina Time)-{\"name\":\"DATA NOT FOUND\",\"statusCode\":500,\"isOperational\":false,\"errorStack\":{}}","private":true}
{"level":"error","message":"Fri Jul 15 2022 13:00:48 GMT+0700 (Indochina Time)-{\"name\":\"DATA NOT FOUND\",\"statusCode\":500,\"isOperational\":false,\"errorStack\":{}}","private":true}
{"level":"error","message":"Fri Jul 15 2022 13:03:13 GMT+0700 (Indochina Time)-{\"name\":\"DATA NOT FOUND\",\"statusCode\":500,\"isOperational\":false,\"errorStack\":{}}","private":true}
{"level":"error","message":"Fri Jul 15 2022 13:03:36 GMT+0700 (Indochina Time)-{\"name\":\"DATA NOT FOUND\",\"statusCode\":500,\"isOperational\":false,\"errorStack\":{}}","private":true}
{"level":"error","message":"Fri Jul 15 2022 16:47:19 GMT+0700 (Indochina Time)-{\"name\":\"BAD REQUEST\",\"statusCode\":400,\"isOperational\":true,\"errorStack\":\"\\\"email\\\" is required\"}","private":true}
{"level":"error","message":"Sat Jul 16 2022 21:30:49 GMT+0700 (Indochina Time)-{\"name\":\"DATA NOT FOUND\",\"statusCode\":500,\"isOperational\":false,\"errorStack\":{}}","private":true}
{"level":"error","message":"Sat Jul 16 2022 21:34:59 GMT+0700 (Indochina Time)-{\"name\":\"DATA NOT FOUND\",\"statusCode\":500,\"isOperational\":false,\"errorStack\":{}}","private":true}
{"level":"error","message":"Sat Jul 16 2022 21:35:15 GMT+0700 (Indochina Time)-{\"name\":\"DATA NOT FOUND\",\"statusCode\":500,\"isOperational\":false,\"errorStack\":{}}","private":true}
{"level":"error","message":"Sat Jul 16 2022 21:38:22 GMT+0700 (Indochina Time)-{\"name\":\"DATA NOT FOUND\",\"statusCode\":500,\"isOperational\":false,\"errorStack\":{}}","private":true}
{"level":"error","message":"Sun Jul 17 2022 00:46:17 GMT+0700 (Indochina Time)-{\"name\":\"NOT FOUND\",\"statusCode\":400,\"isOperational\":true,\"errorStack\":\"Incorrect username or password\"}","private":true}
{"level":"error","message":"Sun Jul 17 2022 00:46:28 GMT+0700 (Indochina Time)-{\"name\":\"NOT FOUND\",\"statusCode\":400,\"isOperational\":true,\"errorStack\":\"Incorrect username or password\"}","private":true}
{"level":"error","message":"Sun Jul 17 2022 00:46:35 GMT+0700 (Indochina Time)-{\"name\":\"NOT FOUND\",\"statusCode\":400,\"isOperational\":true,\"errorStack\":\"Incorrect username or password\"}","private":true}
{"level":"error","message":"Tue Jul 19 2022 19:39:57 GMT+0700 (Indochina Time)-{\"name\":\"NOT FOUND\",\"statusCode\":404,\"isOperational\":true,\"errorStack\":\"Data Not Found\"}","private":true}
{"level":"error","message":"Tue Jul 19 2022 19:43:14 GMT+0700 (Indochina Time)-{\"name\":\"BAD REQUEST\",\"statusCode\":400,\"isOperational\":true,\"errorStack\":\"\\\"firstName\\\" is not allowed to be empty\"}","private":true}
{"level":"error","message":"Wed Jul 20 2022 21:04:02 GMT+0700 (Indochina Time)-{\"name\":\"BAD REQUEST\",\"statusCode\":400,\"isOperational\":true,\"errorStack\":\"\\\"username\\\" is not allowed to be empty\"}","private":true}
{"level":"error","message":"Wed Jul 20 2022 21:10:56 GMT+0700 (Indochina Time)-{\"name\":\"BAD REQUEST\",\"statusCode\":400,\"isOperational\":true,\"errorStack\":\"\\\"username\\\" is not allowed to be empty\"}","private":true}
